TN:
SF:C:\Users\boyarzun\Desktop\git\se-bff-empresas\src\app\controllers\v1\gestor-contenido.controller.js
FN:5,(anonymous_0)
FNF:1
FNH:1
FNDA:2,(anonymous_0)
DA:2,3
DA:3,3
DA:5,3
DA:6,2
DA:7,2
DA:9,0
DA:10,0
DA:14,3
LF:8
LH:6
BRF:0
BRH:0
end_of_record
TN:
SF:C:\Users\boyarzun\Desktop\git\se-bff-empresas\src\app\controllers\v1\healthcheck.controller.js
FN:1,healthcheck
FNF:1
FNH:1
FNDA:1,healthcheck
DA:2,1
DA:5,3
LF:2
LH:2
BRF:0
BRH:0
end_of_record
TN:
SF:C:\Users\boyarzun\Desktop\git\se-bff-empresas\src\config\config.js
FN:1,addEnvParam
FNF:1
FNH:1
FNDA:1,addEnvParam
DA:3,1
DA:5,1
DA:6,1
DA:7,0
DA:8,1
DA:11,0
DA:16,1
DA:21,1
LF:8
LH:6
BRDA:5,0,0,1
BRDA:5,0,1,0
BRDA:6,1,0,0
BRDA:6,1,1,1
BRDA:17,2,0,1
BRDA:17,2,1,1
BRDA:18,3,0,1
BRDA:18,3,1,0
BRF:8
BRH:5
end_of_record
TN:
SF:C:\Users\boyarzun\Desktop\git\se-bff-empresas\tests\unit\gestor-contenido.controller.spec.js
FN:9,(anonymous_0)
FN:13,(anonymous_1)
FN:17,(anonymous_2)
FN:24,(anonymous_3)
FN:41,(anonymous_4)
FN:42,(anonymous_5)
FN:53,(anonymous_6)
FNF:7
FNH:7
FNDA:2,(anonymous_0)
FNDA:2,(anonymous_1)
FNDA:2,(anonymous_2)
FNDA:3,(anonymous_3)
FNDA:1,(anonymous_4)
FNDA:1,(anonymous_5)
FNDA:1,(anonymous_6)
DA:4,1
DA:5,1
DA:6,1
DA:9,1
DA:10,2
DA:14,2
DA:15,2
DA:18,2
DA:19,2
DA:24,1
DA:25,3
DA:41,1
DA:42,1
DA:43,1
DA:48,1
DA:49,1
DA:50,1
DA:53,1
DA:54,1
DA:55,1
DA:56,1
DA:57,1
LF:22
LH:22
BRF:0
BRH:0
end_of_record
TN:
SF:C:\Users\boyarzun\Desktop\git\se-bff-empresas\tests\unit\healthcheck.controller.spec.js
FN:9,(anonymous_0)
FN:13,(anonymous_1)
FN:17,(anonymous_2)
FN:24,(anonymous_3)
FN:31,(anonymous_4)
FN:32,(anonymous_5)
FNF:6
FNH:6
FNDA:1,(anonymous_0)
FNDA:1,(anonymous_1)
FNDA:1,(anonymous_2)
FNDA:3,(anonymous_3)
FNDA:1,(anonymous_4)
FNDA:1,(anonymous_5)
DA:4,1
DA:5,1
DA:6,1
DA:9,1
DA:10,1
DA:14,1
DA:15,1
DA:18,1
DA:19,1
DA:24,1
DA:25,3
DA:31,1
DA:32,1
DA:33,1
DA:38,1
DA:39,1
DA:40,1
LF:17
LH:17
BRF:0
BRH:0
end_of_record
