TN:
SF:src\app.js
FNF:0
FNH:0
DA:8,3
DA:10,3
DA:11,3
DA:12,3
DA:14,3
LF:5
LH:5
BRF:0
BRH:0
end_of_record
TN:
SF:src\app\controllers\v1\content-manager.controller.js
FN:6,(anonymous_0)
FN:14,(anonymous_1)
FN:22,(anonymous_2)
FN:30,(anonymous_3)
FNF:4
FNH:4
FNDA:1,(anonymous_0)
FNDA:2,(anonymous_1)
FNDA:1,(anonymous_2)
FNDA:1,(anonymous_3)
DA:6,3
DA:7,1
DA:8,1
DA:10,0
DA:14,3
DA:15,2
DA:16,2
DA:18,0
DA:22,3
DA:23,1
DA:24,1
DA:26,0
DA:30,3
DA:31,1
DA:32,1
DA:34,0
LF:16
LH:12
BRF:0
BRH:0
end_of_record
TN:
SF:src\app\controllers\v1\healthcheck.controller.js
FN:1,healthcheck
FNF:1
FNH:1
FNDA:1,healthcheck
DA:2,1
LF:1
LH:1
BRF:0
BRH:0
end_of_record
TN:
SF:src\app\controllers\v1\registro.controller.js
FN:14,(anonymous_0)
FN:15,(anonymous_1)
FN:24,(anonymous_2)
FN:25,(anonymous_3)
FN:26,(anonymous_4)
FN:29,(anonymous_5)
FNF:6
FNH:6
FNDA:2,(anonymous_0)
FNDA:2,(anonymous_1)
FNDA:1,(anonymous_2)
FNDA:1,(anonymous_3)
FNDA:1,(anonymous_4)
FNDA:1,(anonymous_5)
DA:4,3
DA:14,3
DA:15,2
DA:16,2
DA:17,2
DA:18,2
DA:19,1
DA:21,1
DA:24,1
DA:25,1
DA:26,1
DA:29,3
DA:30,1
DA:31,1
DA:32,1
LF:15
LH:15
BRDA:18,0,0,1
BRDA:18,0,1,1
BRF:2
BRH:2
end_of_record
TN:
SF:src\app\services\v1\registro-biller-ms.services.js
FN:3,(anonymous_0)
FNF:1
FNH:1
FNDA:1,(anonymous_0)
DA:3,3
DA:5,1
DA:6,1
LF:3
LH:3
BRF:0
BRH:0
end_of_record
TN:
SF:src\routes\index.js
FN:11,(anonymous_0)
FNF:1
FNH:1
FNDA:3,(anonymous_0)
DA:3,3
DA:7,3
DA:9,3
DA:12,3
LF:4
LH:4
BRF:0
BRH:0
end_of_record
TN:
SF:src\routes\v1\content-manager.routes.js
FNF:0
FNH:0
DA:2,3
DA:6,3
DA:7,3
DA:8,3
DA:9,3
LF:5
LH:5
BRF:0
BRH:0
end_of_record
TN:
SF:src\routes\v1\healthcheck.routes.js
FNF:0
FNH:0
DA:2,3
DA:6,3
LF:2
LH:2
BRF:0
BRH:0
end_of_record
TN:
SF:src\routes\v1\index.js
FNF:0
FNH:0
DA:3,3
DA:9,3
DA:10,3
DA:11,3
LF:4
LH:4
BRF:0
BRH:0
end_of_record
TN:
SF:src\routes\v1\registro.routes.js
FNF:0
FNH:0
DA:5,3
DA:7,3
DA:8,3
LF:3
LH:3
BRF:0
BRH:0
end_of_record
